<?xml version="1.0" encoding="UTF-8"?>
<testsuite xmlns:xsi="http://www.w3.org/2001/XMLSchema-instance" xsi:noNamespaceSchemaLocation="https://maven.apache.org/surefire/maven-surefire-plugin/xsd/surefire-test-report.xsd" name="my.example.AppTest" time="0.004" tests="1" errors="0" skipped="0" failures="0">
  <properties>
    <property name="sun.desktop" value="windows"/>
    <property name="awt.toolkit" value="sun.awt.windows.WToolkit"/>
    <property name="file.encoding.pkg" value="sun.io"/>
    <property name="java.specification.version" value="1.8"/>
    <property name="sun.cpu.isalist" value="amd64"/>
    <property name="sun.jnu.encoding" value="Cp1252"/>
    <property name="java.class.path" value="C:\Users\761248\Desktop\AcademyPortal2\target\test-classes;C:\Users\761248\Desktop\AcademyPortal2\target\classes;C:\Users\761248\.m2\repository\junit\junit\3.8.1\junit-3.8.1.jar;C:\Users\761248\.m2\repository\org\springframework\spring-context\4.1.6.RELEASE\spring-context-4.1.6.RELEASE.jar;C:\Users\761248\.m2\repository\org\springframework\spring-beans\4.1.6.RELEASE\spring-beans-4.1.6.RELEASE.jar;C:\Users\761248\.m2\repository\org\springframework\spring-core\4.1.6.RELEASE\spring-core-4.1.6.RELEASE.jar;C:\Users\761248\.m2\repository\org\springframework\spring-expression\4.1.6.RELEASE\spring-expression-4.1.6.RELEASE.jar;C:\Users\761248\.m2\repository\org\springframework\spring-aop\4.1.6.RELEASE\spring-aop-4.1.6.RELEASE.jar;C:\Users\761248\.m2\repository\aopalliance\aopalliance\1.0\aopalliance-1.0.jar;C:\Users\761248\.m2\repository\org\springframework\spring-webmvc\4.1.6.RELEASE\spring-webmvc-4.1.6.RELEASE.jar;C:\Users\761248\.m2\repository\org\springframework\spring-web\4.1.6.RELEASE\spring-web-4.1.6.RELEASE.jar;C:\Users\761248\.m2\repository\javax\persistence\persistence-api\1.0\persistence-api-1.0.jar;C:\Users\761248\.m2\repository\javax\servlet\javax.servlet-api\3.0.1\javax.servlet-api-3.0.1.jar;C:\Users\761248\.m2\repository\org\hibernate\hibernate-annotations\3.5.6-Final\hibernate-annotations-3.5.6-Final.jar;C:\Users\761248\.m2\repository\org\hibernate\hibernate-core\3.5.6-Final\hibernate-core-3.5.6-Final.jar;C:\Users\761248\.m2\repository\antlr\antlr\2.7.6\antlr-2.7.6.jar;C:\Users\761248\.m2\repository\commons-collections\commons-collections\3.1\commons-collections-3.1.jar;C:\Users\761248\.m2\repository\dom4j\dom4j\1.6.1\dom4j-1.6.1.jar;C:\Users\761248\.m2\repository\xml-apis\xml-apis\1.0.b2\xml-apis-1.0.b2.jar;C:\Users\761248\.m2\repository\javax\transaction\jta\1.1\jta-1.1.jar;C:\Users\761248\.m2\repository\org\hibernate\hibernate-commons-annotations\3.2.0.Final\hibernate-commons-annotations-3.2.0.Final.jar;C:\Users\761248\.m2\repository\org\hibernate\javax\persistence\hibernate-jpa-2.0-api\1.0.0.Final\hibernate-jpa-2.0-api-1.0.0.Final.jar;C:\Users\761248\.m2\repository\org\slf4j\slf4j-api\1.5.8\slf4j-api-1.5.8.jar;C:\Users\761248\.m2\repository\org\springframework\spring-dao\2.0.3\spring-dao-2.0.3.jar;C:\Users\761248\.m2\repository\commons-logging\commons-logging\1.1\commons-logging-1.1.jar;C:\Users\761248\.m2\repository\log4j\log4j\1.2.12\log4j-1.2.12.jar;C:\Users\761248\.m2\repository\logkit\logkit\1.0.1\logkit-1.0.1.jar;C:\Users\761248\.m2\repository\avalon-framework\avalon-framework\4.1.3\avalon-framework-4.1.3.jar;C:\Users\761248\.m2\repository\javax\servlet\servlet-api\2.3\servlet-api-2.3.jar;"/>
    <property name="java.vm.vendor" value="Oracle Corporation"/>
    <property name="sun.arch.data.model" value="64"/>
    <property name="user.variant" value=""/>
    <property name="java.vendor.url" value="http://java.oracle.com/"/>
    <property name="user.timezone" value="Asia/Calcutta"/>
    <property name="java.vm.specification.version" value="1.8"/>
    <property name="os.name" value="Windows 10"/>
    <property name="user.country" value="US"/>
    <property name="sun.java.launcher" value="SUN_STANDARD"/>
    <property name="sun.boot.library.path" value="C:\Program Files\Java\jdk1.8.0_151\jre\bin"/>
    <property name="sun.java.command" value="C:\Users\761248\AppData\Local\Temp\surefire3604907618943855197\surefirebooter7310890299358355481.jar C:\Users\761248\AppData\Local\Temp\surefire3604907618943855197 2019-04-16T19-10-42_403-jvmRun1 surefire2863627619836341736tmp surefire_01344163689669692256tmp"/>
    <property name="surefire.test.class.path" value="C:\Users\761248\Desktop\AcademyPortal2\target\test-classes;C:\Users\761248\Desktop\AcademyPortal2\target\classes;C:\Users\761248\.m2\repository\junit\junit\3.8.1\junit-3.8.1.jar;C:\Users\761248\.m2\repository\org\springframework\spring-context\4.1.6.RELEASE\spring-context-4.1.6.RELEASE.jar;C:\Users\761248\.m2\repository\org\springframework\spring-beans\4.1.6.RELEASE\spring-beans-4.1.6.RELEASE.jar;C:\Users\761248\.m2\repository\org\springframework\spring-core\4.1.6.RELEASE\spring-core-4.1.6.RELEASE.jar;C:\Users\761248\.m2\repository\org\springframework\spring-expression\4.1.6.RELEASE\spring-expression-4.1.6.RELEASE.jar;C:\Users\761248\.m2\repository\org\springframework\spring-aop\4.1.6.RELEASE\spring-aop-4.1.6.RELEASE.jar;C:\Users\761248\.m2\repository\aopalliance\aopalliance\1.0\aopalliance-1.0.jar;C:\Users\761248\.m2\repository\org\springframework\spring-webmvc\4.1.6.RELEASE\spring-webmvc-4.1.6.RELEASE.jar;C:\Users\761248\.m2\repository\org\springframework\spring-web\4.1.6.RELEASE\spring-web-4.1.6.RELEASE.jar;C:\Users\761248\.m2\repository\javax\persistence\persistence-api\1.0\persistence-api-1.0.jar;C:\Users\761248\.m2\repository\javax\servlet\javax.servlet-api\3.0.1\javax.servlet-api-3.0.1.jar;C:\Users\761248\.m2\repository\org\hibernate\hibernate-annotations\3.5.6-Final\hibernate-annotations-3.5.6-Final.jar;C:\Users\761248\.m2\repository\org\hibernate\hibernate-core\3.5.6-Final\hibernate-core-3.5.6-Final.jar;C:\Users\761248\.m2\repository\antlr\antlr\2.7.6\antlr-2.7.6.jar;C:\Users\761248\.m2\repository\commons-collections\commons-collections\3.1\commons-collections-3.1.jar;C:\Users\761248\.m2\repository\dom4j\dom4j\1.6.1\dom4j-1.6.1.jar;C:\Users\761248\.m2\repository\xml-apis\xml-apis\1.0.b2\xml-apis-1.0.b2.jar;C:\Users\761248\.m2\repository\javax\transaction\jta\1.1\jta-1.1.jar;C:\Users\761248\.m2\repository\org\hibernate\hibernate-commons-annotations\3.2.0.Final\hibernate-commons-annotations-3.2.0.Final.jar;C:\Users\761248\.m2\repository\org\hibernate\javax\persistence\hibernate-jpa-2.0-api\1.0.0.Final\hibernate-jpa-2.0-api-1.0.0.Final.jar;C:\Users\761248\.m2\repository\org\slf4j\slf4j-api\1.5.8\slf4j-api-1.5.8.jar;C:\Users\761248\.m2\repository\org\springframework\spring-dao\2.0.3\spring-dao-2.0.3.jar;C:\Users\761248\.m2\repository\commons-logging\commons-logging\1.1\commons-logging-1.1.jar;C:\Users\761248\.m2\repository\log4j\log4j\1.2.12\log4j-1.2.12.jar;C:\Users\761248\.m2\repository\logkit\logkit\1.0.1\logkit-1.0.1.jar;C:\Users\761248\.m2\repository\avalon-framework\avalon-framework\4.1.3\avalon-framework-4.1.3.jar;C:\Users\761248\.m2\repository\javax\servlet\servlet-api\2.3\servlet-api-2.3.jar;"/>
    <property name="sun.cpu.endian" value="little"/>
    <property name="user.home" value="C:\Users\761248"/>
    <property name="user.language" value="en"/>
    <property name="java.specification.vendor" value="Oracle Corporation"/>
    <property name="java.home" value="C:\Program Files\Java\jdk1.8.0_151\jre"/>
    <property name="basedir" value="C:\Users\761248\Desktop\AcademyPortal2"/>
    <property name="file.separator" value="\"/>
    <property name="line.separator" value="&#10;"/>
    <property name="java.vm.specification.vendor" value="Oracle Corporation"/>
    <property name="java.specification.name" value="Java Platform API Specification"/>
    <property name="java.awt.graphicsenv" value="sun.awt.Win32GraphicsEnvironment"/>
    <property name="surefire.real.class.path" value="C:\Users\761248\AppData\Local\Temp\surefire3604907618943855197\surefirebooter7310890299358355481.jar"/>
    <property name="sun.boot.class.path" value="C:\Program Files\Java\jdk1.8.0_151\jre\lib\resources.jar;C:\Program Files\Java\jdk1.8.0_151\jre\lib\rt.jar;C:\Program Files\Java\jdk1.8.0_151\jre\lib\sunrsasign.jar;C:\Program Files\Java\jdk1.8.0_151\jre\lib\jsse.jar;C:\Program Files\Java\jdk1.8.0_151\jre\lib\jce.jar;C:\Program Files\Java\jdk1.8.0_151\jre\lib\charsets.jar;C:\Program Files\Java\jdk1.8.0_151\jre\lib\jfr.jar;C:\Program Files\Java\jdk1.8.0_151\jre\classes"/>
    <property name="user.script" value=""/>
    <property name="sun.management.compiler" value="HotSpot 64-Bit Tiered Compilers"/>
    <property name="java.runtime.version" value="1.8.0_151-b12"/>
    <property name="user.name" value="761248"/>
    <property name="path.separator" value=";"/>
    <property name="os.version" value="10.0"/>
    <property name="java.endorsed.dirs" value="C:\Program Files\Java\jdk1.8.0_151\jre\lib\endorsed"/>
    <property name="java.runtime.name" value="Java(TM) SE Runtime Environment"/>
    <property name="file.encoding" value="Cp1252"/>
    <property name="java.vm.name" value="Java HotSpot(TM) 64-Bit Server VM"/>
    <property name="localRepository" value="C:\Users\761248\.m2\repository"/>
    <property name="java.vendor.url.bug" value="http://bugreport.sun.com/bugreport/"/>
    <property name="java.io.tmpdir" value="C:\Users\761248\AppData\Local\Temp\"/>
    <property name="java.version" value="1.8.0_151"/>
    <property name="user.dir" value="C:\Users\761248\Desktop\AcademyPortal2"/>
    <property name="os.arch" value="amd64"/>
    <property name="java.vm.specification.name" value="Java Virtual Machine Specification"/>
    <property name="java.awt.printerjob" value="sun.awt.windows.WPrinterJob"/>
    <property name="sun.os.patch.level" value=""/>
    <property name="java.library.path" value="C:\Program Files\Java\jdk1.8.0_151\jre\bin;C:\WINDOWS\Sun\Java\bin;C:\WINDOWS\system32;C:\WINDOWS;C:\Program Files\Java\jdk1.8.0_151\bin;C:\oraclexe\app\oracle\product\11.2.0\server\bin;C:\Program Files (x86)\Common Files\Oracle\Java\javapath;C:\WINDOWS\system32;C:\WINDOWS;C:\WINDOWS\System32\Wbem;C:\WINDOWS\System32\WindowsPowerShell\v1.0\;C:\Program Files\Microsoft\Web Platform Installer\;C:\Program Files (x86)\Microsoft ASP.NET\ASP.NET Web Pages\v1.0\;C:\Program Files (x86)\Windows Kits\8.0\Windows Performance Toolkit\;C:\Program Files\Microsoft SQL Server\110\Tools\Binn\;C:\Program Files (x86)\Microsoft SQL Server\120\DTS\Binn\;C:\Program Files (x86)\Microsoft SQL Server\Client SDK\ODBC\110\Tools\Binn\;C:\Program Files (x86)\Microsoft SQL Server\120\Tools\Binn\;C:\Program Files (x86)\Microsoft SQL Server\120\Tools\Binn\ManagementStudio\;C:\Users\761248\AppData\Local\Microsoft\WindowsApps;D:\Room-7\apache-maven-3.5.4-bin\apache-maven-3.5.4\bin;;."/>
    <property name="java.vm.info" value="mixed mode"/>
    <property name="java.vendor" value="Oracle Corporation"/>
    <property name="java.vm.version" value="25.151-b12"/>
    <property name="java.ext.dirs" value="C:\Program Files\Java\jdk1.8.0_151\jre\lib\ext;C:\WINDOWS\Sun\Java\lib\ext"/>
    <property name="sun.io.unicode.encoding" value="UnicodeLittle"/>
    <property name="java.class.version" value="52.0"/>
  </properties>
  <testcase name="testApp" classname="my.example.AppTest" time="0"/>
</testsuite>